\BOOKMARK [0][-]{chapter.1}{\376\377\000G\000i\000r\000i\001\137}{}% 1
\BOOKMARK [1][-]{section.1.1}{\376\377\000G\000e\000r\000e\000k\000l\000i\000\040\000M\000a\000l\000z\000e\000m\000e\000l\000e\000r}{chapter.1}% 2
\BOOKMARK [1][-]{section.1.2}{\376\377\000G\000\366\000m\000\374\000l\000\374\000\040\000S\000i\000s\000t\000e\000m\000l\000e\000r\000e\000\040\000G\000i\000r\000i\001\137}{chapter.1}% 3
\BOOKMARK [2][-]{subsection.1.2.1}{\376\377\000G\000\366\000m\000\374\000l\000\374\000\040\000S\000i\000s\000t\000e\000m\000l\000e\000r\000i\000n\000\040\000T\000i\000p\000i\000k\000\040\000\326\000z\000e\000l\000l\000i\000k\000l\000e\000r\000i}{section.1.2}% 4
\BOOKMARK [2][-]{subsection.1.2.2}{\376\377\000G\000\366\000m\000\374\000l\000\374\000\040\000S\000i\000s\000t\000e\000m\000\040\000S\001\061\000n\001\061\000f\000l\000a\000n\000d\001\061\000r\000m\000a\000s\001\061}{section.1.2}% 5
\BOOKMARK [2][-]{subsection.1.2.3}{\376\377\000G\000\366\000m\000\374\000l\000\374\000\040\000S\000i\000s\000t\000e\000m\000l\000e\000r\000d\000e\000\040\001\060\001\137\000l\000e\000m\000\040\000B\000i\000r\000i\000m\000l\000e\000r\000i}{section.1.2}% 6
\BOOKMARK [1][-]{section.1.3}{\376\377\000M\000i\000k\000r\000o\000i\001\137\000l\000e\000m\000c\000i\000\040\000\050\000C\000P\000U\000\051}{chapter.1}% 7
\BOOKMARK [1][-]{section.1.4}{\376\377\000M\000i\000k\000r\000o\000d\000e\000n\000e\000t\000l\000e\000y\000i\000c\000i\000\040\000\050\000M\000C\000U\000\051}{chapter.1}% 8
\BOOKMARK [1][-]{section.1.5}{\376\377\000S\000o\000C\000\040\000\050\000S\000y\000s\000t\000e\000m\000\040\000o\000n\000\040\000C\000h\000i\000p\000\051}{chapter.1}% 9
\BOOKMARK [1][-]{section.1.6}{\376\377\000S\000o\000M\000\040\000\050\000S\000y\000s\000t\000e\000m\000\040\000o\000n\000\040\000M\000o\000d\000u\000l\000e\000\051}{chapter.1}% 10
\BOOKMARK [1][-]{section.1.7}{\376\377\000S\000B\000C\000\040\000\050\000S\000i\000n\000g\000l\000e\000\040\000B\000o\000a\000r\000d\000\040\000C\000o\000m\000p\000u\000t\000e\000r\000\051}{chapter.1}% 11
\BOOKMARK [1][-]{section.1.8}{\376\377\000C\000I\000S\000C\000\040\000v\000e\000\040\000R\000I\000S\000C\000\040\001\060\001\137\000l\000e\000m\000c\000i\000\040\000M\000i\000m\000a\000r\000i\000l\000e\000r\000i}{chapter.1}% 12
\BOOKMARK [2][-]{subsection.1.8.1}{\376\377\000C\000I\000S\000C\000\040\000v\000e\000\040\000R\000I\000S\000C\000\040\000A\000r\000a\000s\001\061\000n\000d\000a\000k\000i\000\040\000T\000e\000m\000e\000l\000\040\000F\000a\000r\000k\000l\001\061\000l\001\061\000k\000l\000a\000r}{section.1.8}% 13
\BOOKMARK [1][-]{section.1.9}{\376\377\000A\000R\000M\000\040\001\060\001\137\000l\000e\000m\000c\000i\000l\000e\000r\000i}{chapter.1}% 14
\BOOKMARK [2][-]{subsection.1.9.1}{\376\377\000A\000R\000M\040\031\001\061\000n\000\040\000T\000a\000r\000i\000h\000\347\000e\000s\000i}{section.1.9}% 15
\BOOKMARK [2][-]{subsection.1.9.2}{\376\377\000A\000R\000M\000\040\000L\000i\000s\000a\000n\000s\000\040\000T\000\374\000r\000l\000e\000r\000i}{section.1.9}% 16
\BOOKMARK [2][-]{subsection.1.9.3}{\376\377\000A\000R\000M\000\040\000T\000e\000r\000m\000i\000n\000o\000l\000o\000j\000i\000s\000i\000:\000\040\000C\000o\000r\000e\000,\000\040\000C\000o\000r\000t\000e\000x\000\040\000v\000e\000\040\000V\000e\000r\000s\000i\000y\000o\000n}{section.1.9}% 17
\BOOKMARK [2][-]{subsection.1.9.4}{\376\377\000A\000R\000M\000\040\000M\000i\000m\000a\000r\000i\000\040\000P\000r\000o\000f\000i\000l\000l\000e\000r\000i}{section.1.9}% 18
\BOOKMARK [1][-]{section.1.10}{\376\377\001\060\001\137\000l\000e\000m\000c\000i\000l\000e\000r\000i\000n\000\040\000B\000i\000t\000\040\000G\000e\000n\000i\001\137\000l\000i\001\037\000i}{chapter.1}% 19
\BOOKMARK [1][-]{section.1.11}{\376\377\000P\000o\000p\000\374\000l\000e\000r\000\040\000\334\000r\000\374\000n\000l\000e\000r\000d\000e\000\040\000A\000R\000M\000\040\000C\000o\000r\000t\000e\000x\040\031\000l\000e\000r\000i}{chapter.1}% 20
\BOOKMARK [1][-]{section.1.12}{\376\377\000K\000u\000r\000s\000u\000m\000u\000z\000d\000a\000\040\000K\000u\000l\000l\000a\000n\001\061\000l\000a\000n\000\040\000S\000B\000C\040\031\000l\000e\000r\000i\000n\000\040\000A\000R\000M\000\040\000C\000o\000r\000t\000e\000x\040\031\000l\000e\000r\000i}{chapter.1}% 21
